2025-12-09 11:37:11   [INFO] Running: git status --porcelain
2025-12-09 11:37:11   [INFO] Output: ?? tools/deploy/
2025-12-09 11:37:11 [WARNING] Working directory has uncommitted changes
2025-12-09 11:37:11 [SUCCESS] .env.example exists
2025-12-09 11:37:11 [SUCCESS] .env is properly gitignored
2025-12-09 11:37:11 [WARNING]   - useAutoSave.js:25
2025-12-09 11:37:11 [WARNING]   - useAutoSave.js:47
2025-12-09 11:37:11 [WARNING]   - useCrashRecovery.js:32
2025-12-09 11:37:11 [WARNING]   - useCrashRecovery.js:36
2025-12-09 11:37:11 [WARNING]   - useGeneration.js:149
2025-12-09 11:37:11 [WARNING]   ... and 42 more
2025-12-09 11:37:11   [ERROR]   - useCrashRecovery.js: 'ue5_last_session_count'...
2025-12-09 11:37:11   [ERROR]   - useCrashRecovery.js: 'ue5_last_session_count'...
2025-12-09 11:37:11   [ERROR]   - useCrashRecovery.js: 'ue5_last_session_count'...
2025-12-09 11:37:11 [SUCCESS] Dependencies check completed
2025-12-09 11:37:11   [ERROR] Found 1 error(s):
2025-12-09 11:37:11   [ERROR]   - Found potential hardcoded secrets
2025-12-09 11:37:11 [WARNING] Found 2 warning(s):
2025-12-09 11:37:11 [WARNING]   - Working directory has uncommitted changes
2025-12-09 11:37:11 [WARNING]   - Found 47 console.log statements
2025-12-09 11:37:11   [ERROR] Pre-deployment checks FAILED
2025-12-09 11:40:26   [INFO] Wrote to .env.production.template
2025-12-09 11:40:26 [SUCCESS] Created .env.production.template
2025-12-09 11:40:26   [INFO] Wrote to firestore.rules.production
2025-12-09 11:40:26 [SUCCESS] Created firestore.rules.production
2025-12-09 11:40:26   [INFO] Wrote to firestore.rules.development
2025-12-09 11:40:26 [SUCCESS] Created firestore.rules.development
2025-12-09 11:40:26   [INFO] 1. Create production Firebase project at console.firebase.google.com
2025-12-09 11:40:26   [INFO] 2. Copy .env.production.template to .env.production
2025-12-09 11:40:26   [INFO] 3. Fill in production Firebase credentials
2025-12-09 11:40:26   [INFO] 4. Deploy rules: firebase deploy --only firestore:rules --project ue5questions-prod
2025-12-09 11:40:26 [SUCCESS] Database setup files created successfully!
